0 info it worked if it ends with ok
1 verbose cli [ '/home/vedanta-krit/.nvm/versions/node/v6.9.1/bin/node',
1 verbose cli   '/home/vedanta-krit/.nvm/versions/node/v6.9.1/bin/npm',
1 verbose cli   'publish' ]
2 info using npm@3.10.8
3 info using node@v6.9.1
4 verbose publish [ '.' ]
5 silly cache add args [ '.', null ]
6 verbose cache add spec .
7 silly cache add parsed spec Result {
7 silly cache add   raw: '.',
7 silly cache add   scope: null,
7 silly cache add   escapedName: null,
7 silly cache add   name: null,
7 silly cache add   rawSpec: '.',
7 silly cache add   spec: '/home/vedanta-krit/Work/model',
7 silly cache add   type: 'directory' }
8 verbose addLocalDirectory /home/vedanta-krit/.npm/meta-model-dsl/1.1.0/package.tgz not in flight; packing
9 verbose correctMkdir /home/vedanta-krit/.npm correctMkdir not in flight; initializing
10 info lifecycle meta-model-dsl@1.1.0~prepublish: meta-model-dsl@1.1.0
11 silly lifecycle meta-model-dsl@1.1.0~prepublish: no script for prepublish, continuing
12 verbose tar pack [ '/home/vedanta-krit/.npm/meta-model-dsl/1.1.0/package.tgz',
12 verbose tar pack   '/home/vedanta-krit/Work/model' ]
13 verbose tarball /home/vedanta-krit/.npm/meta-model-dsl/1.1.0/package.tgz
14 verbose folder /home/vedanta-krit/Work/model
15 verbose addLocalTarball adding from inside cache /home/vedanta-krit/.npm/meta-model-dsl/1.1.0/package.tgz
16 verbose correctMkdir /home/vedanta-krit/.npm correctMkdir not in flight; initializing
17 silly cache afterAdd meta-model-dsl@1.1.0
18 verbose afterAdd /home/vedanta-krit/.npm/meta-model-dsl/1.1.0/package/package.json not in flight; writing
19 verbose correctMkdir /home/vedanta-krit/.npm correctMkdir not in flight; initializing
20 verbose afterAdd /home/vedanta-krit/.npm/meta-model-dsl/1.1.0/package/package.json written
21 silly publish { name: 'meta-model-dsl',
21 silly publish   version: '1.1.0',
21 silly publish   description: '',
21 silly publish   main: 'dist/model/index.js',
21 silly publish   typescript: { definition: 'dist/model/index.d.ts' },
21 silly publish   typings: 'dist/model/index.d.ts',
21 silly publish   scripts: { test: 'tslint', compile: 'tsc' },
21 silly publish   author: { name: 'vedmalex' },
21 silly publish   license: 'ISC',
21 silly publish   devDependencies:
21 silly publish    { '@types/camelcase': '0.0.30',
21 silly publish      '@types/decamelize': '0.0.30',
21 silly publish      '@types/node': '^6.0.45',
21 silly publish      tslint: '^3.15.1' },
21 silly publish   dependencies: { camelcase: '^3.0.0', decamelize: '^1.2.0' },
21 silly publish   gitHead: '47e953b5d27e489f99ba051eab749fc3d3857cab',
21 silly publish   readme: 'ERROR: No README data found!',
21 silly publish   _id: 'meta-model-dsl@1.1.0',
21 silly publish   _shasum: 'f0b307fe20e230905c193f2f967378cee5da8175',
21 silly publish   _from: '.' }
22 verbose getPublishConfig undefined
23 silly mapToRegistry name meta-model-dsl
24 silly mapToRegistry using default registry
25 silly mapToRegistry registry https://registry.npmjs.org/
26 silly mapToRegistry data Result {
26 silly mapToRegistry   raw: 'meta-model-dsl',
26 silly mapToRegistry   scope: null,
26 silly mapToRegistry   escapedName: 'meta-model-dsl',
26 silly mapToRegistry   name: 'meta-model-dsl',
26 silly mapToRegistry   rawSpec: '',
26 silly mapToRegistry   spec: 'latest',
26 silly mapToRegistry   type: 'tag' }
27 silly mapToRegistry uri https://registry.npmjs.org/meta-model-dsl
28 verbose publish registryBase https://registry.npmjs.org/
29 silly publish uploading /home/vedanta-krit/.npm/meta-model-dsl/1.1.0/package.tgz
30 verbose request uri https://registry.npmjs.org/meta-model-dsl
31 verbose request sending authorization for write operation
32 info attempt registry request try #1 at 11:35:02
33 verbose request using bearer token for auth
34 verbose request id f03b859e2974fe12
35 http request PUT https://registry.npmjs.org/meta-model-dsl
36 http 403 https://registry.npmjs.org/meta-model-dsl
37 verbose headers { 'content-type': 'application/json',
37 verbose headers   'cache-control': 'max-age=300',
37 verbose headers   'content-length': '95',
37 verbose headers   'accept-ranges': 'bytes',
37 verbose headers   date: 'Wed, 26 Oct 2016 08:35:03 GMT',
37 verbose headers   via: '1.1 varnish',
37 verbose headers   connection: 'keep-alive',
37 verbose headers   'x-served-by': 'cache-bma7020-BMA',
37 verbose headers   'x-cache': 'MISS',
37 verbose headers   'x-cache-hits': '0',
37 verbose headers   'x-timer': 'S1477470902.479019,VS0,VE1243',
37 verbose headers   vary: 'Accept-Encoding' }
38 verbose request invalidating /home/vedanta-krit/.npm/registry.npmjs.org/meta-model-dsl on PUT
39 error publish Failed PUT 403
40 verbose stack Error: "You cannot publish over the previously published version 1.1.0." : meta-model-dsl
40 verbose stack     at makeError (/home/vedanta-krit/.nvm/versions/node/v6.9.1/lib/node_modules/npm/node_modules/npm-registry-client/lib/request.js:302:12)
40 verbose stack     at CachingRegistryClient.<anonymous> (/home/vedanta-krit/.nvm/versions/node/v6.9.1/lib/node_modules/npm/node_modules/npm-registry-client/lib/request.js:290:14)
40 verbose stack     at Request._callback (/home/vedanta-krit/.nvm/versions/node/v6.9.1/lib/node_modules/npm/node_modules/npm-registry-client/lib/request.js:210:14)
40 verbose stack     at Request.self.callback (/home/vedanta-krit/.nvm/versions/node/v6.9.1/lib/node_modules/npm/node_modules/request/request.js:187:22)
40 verbose stack     at emitTwo (events.js:106:13)
40 verbose stack     at Request.emit (events.js:191:7)
40 verbose stack     at Request.<anonymous> (/home/vedanta-krit/.nvm/versions/node/v6.9.1/lib/node_modules/npm/node_modules/request/request.js:1044:10)
40 verbose stack     at emitOne (events.js:96:13)
40 verbose stack     at Request.emit (events.js:188:7)
40 verbose stack     at IncomingMessage.<anonymous> (/home/vedanta-krit/.nvm/versions/node/v6.9.1/lib/node_modules/npm/node_modules/request/request.js:965:12)
41 verbose statusCode 403
42 verbose pkgid meta-model-dsl
43 verbose cwd /home/vedanta-krit/Work/model
44 error Linux 4.4.0-45-generic
45 error argv "/home/vedanta-krit/.nvm/versions/node/v6.9.1/bin/node" "/home/vedanta-krit/.nvm/versions/node/v6.9.1/bin/npm" "publish"
46 error node v6.9.1
47 error npm  v3.10.8
48 error code E403
49 error "You cannot publish over the previously published version 1.1.0." : meta-model-dsl
50 error If you need help, you may report this error at:
50 error     <https://github.com/npm/npm/issues>
51 verbose exit [ 1, true ]
